<?xml version="1.0" encoding="UTF-8"?>
<coverage generated="1569084023675" clover="3.2.0">
  <project timestamp="1569084023675" name="All files">
    <metrics statements="9" coveredstatements="7" conditionals="3" coveredconditionals="1" methods="4" coveredmethods="3" elements="16" coveredelements="11" complexity="0" loc="9" ncloc="9" packages="1" files="1" classes="1"/>
    <file name="search-factory.js" path="/Users/hernanimattos/Documents/rick-morty-job-node/src/factory/search-factory.js">
      <metrics statements="9" coveredstatements="7" conditionals="3" coveredconditionals="1" methods="4" coveredmethods="3"/>
      <line num="5" count="1" type="stmt"/>
      <line num="10" count="1" type="cond" truecount="1" falsecount="1"/>
      <line num="12" count="1" type="stmt"/>
      <line num="17" count="1" type="stmt"/>
      <line num="22" count="1" type="stmt"/>
      <line num="24" count="1" type="stmt"/>
      <line num="27" count="1" type="stmt"/>
      <line num="32" count="0" type="stmt"/>
      <line num="33" count="0" type="stmt"/>
    </file>
  </project>
</coverage>
