{"/Users/hernanimattos/Documents/rick-morty-job-node/src/factory/search-factory.js": {"path":"/Users/hernanimattos/Documents/rick-morty-job-node/src/factory/search-factory.js","statementMap":{"0":{"start":{"line":5,"column":21},"end":{"line":5,"column":62}},"1":{"start":{"line":10,"column":8},"end":{"line":10,"column":22}},"2":{"start":{"line":12,"column":4},"end":{"line":12,"column":41}},"3":{"start":{"line":17,"column":18},"end":{"line":25,"column":6}},"4":{"start":{"line":22,"column":10},"end":{"line":22,"column":22}},"5":{"start":{"line":24,"column":6},"end":{"line":24,"column":18}},"6":{"start":{"line":27,"column":4},"end":{"line":27,"column":45}},"7":{"start":{"line":32,"column":34},"end":{"line":32,"column":48}},"8":{"start":{"line":33,"column":4},"end":{"line":33,"column":45}}},"fnMap":{"0":{"name":"(anonymous_0)","decl":{"start":{"line":4,"column":2},"end":{"line":4,"column":3}},"loc":{"start":{"line":4,"column":28},"end":{"line":13,"column":3}},"line":4},"1":{"name":"(anonymous_1)","decl":{"start":{"line":16,"column":2},"end":{"line":16,"column":3}},"loc":{"start":{"line":16,"column":24},"end":{"line":28,"column":3}},"line":16},"2":{"name":"(anonymous_2)","decl":{"start":{"line":17,"column":27},"end":{"line":17,"column":28}},"loc":{"start":{"line":17,"column":45},"end":{"line":25,"column":5}},"line":17},"3":{"name":"(anonymous_3)","decl":{"start":{"line":31,"column":2},"end":{"line":31,"column":3}},"loc":{"start":{"line":31,"column":36},"end":{"line":34,"column":3}},"line":31}},"branchMap":{"0":{"loc":{"start":{"line":10,"column":8},"end":{"line":10,"column":22}},"type":"binary-expr","locations":[{"start":{"line":10,"column":8},"end":{"line":10,"column":16}},{"start":{"line":10,"column":20},"end":{"line":10,"column":22}}],"line":10},"1":{"loc":{"start":{"line":31,"column":24},"end":{"line":31,"column":34}},"type":"default-arg","locations":[{"start":{"line":31,"column":32},"end":{"line":31,"column":34}}],"line":31}},"s":{"0":1,"1":1,"2":1,"3":1,"4":1,"5":1,"6":1,"7":0,"8":0},"f":{"0":1,"1":1,"2":1,"3":0},"b":{"0":[1,0],"1":[0]},"_coverageSchema":"43e27e138ebf9cfc5966b082cf9a028302ed4184","hash":"1cae9afa6304fd2f570a3fe6c82defe5a0e7e2dc"}
}
